Agent Group Id: 025000000000002
Agent Group Name: Informatica Cloud Hosted Agent
Agent Id: 008000000000040
Task Name: Cars
Task Type: MTT_TEST
Task Id: 012AHN0Z000000000003
Run Id: 1
Service Id: 1125140
Started By: shraddha1016
Run Context Type: ICS_UI
09/29/2023 11:32:32 **** Importing Connection: Conn_012AHN0B000000000002 ...
09/29/2023 11:32:32 **** Importing Source Definition: Cars ...
09/29/2023 11:32:32 **** Importing Target Definition: Max_Car_Prices ...
09/29/2023 11:32:32 **** Importing Target Definition: Min_Car_Prices ...
09/29/2023 11:32:32 **** Importing SessionConfig: default_session_config ...
    <Warning> :  The Error Log DB Connection value should have Relational: as the prefix.
    <Warning> :  Invalid value  for attribute Error Log DB Connection. Will use the default value 
    Validating Source Definition  Cars...
    Validating Target Definition  Min_Car_Prices...
    Validating Target Definition  Max_Car_Prices...
09/29/2023 11:32:32 **** Importing Mapping: Mapping0 ...
    <Warning> :  transformation: CarMapping - Invalid value  for attribute Output is repeatable. Will use the default value Never    [transformation< CarMapping > ] 
Validating transformations of mapping Mapping0...
Validating mapping variable(s).
09/29/2023 11:32:32 **** Importing Workflow: wf_mtt_012AHN0Z000000000003 ...
    <Warning> :  Invalid value None for attribute Pushdown Optimization Context. Will use the default value None     [Session< s_mtt_012AHN0Z000000000003 > ] 
    <Warning> :  The value entered is not a valid integer.
    <Warning> :  Invalid value NO for attribute Fail task after wait time. Will use the default value 
Successfully extracted session instance [s_mtt_012AHN0Z000000000003].  Starting repository sequence id is [-811015105]
DIRECTOR> VAR_27085 [2023-09-29 11:32:32.848] Parameter file [/data2/home/cldagnt/SystemAgent/apps/Data_Integration_Server/data/012AHN0E00000000005M/012AHN/parameters/s_mtt_012AHN0Z000000000003.param] is opened for [session [wf_mtt_012AHN0Z000000000003.s_mtt_012AHN0Z000000000003]].
DIRECTOR> VAR_27062 [2023-09-29 11:32:32.848] Warning! Cannot find section for worklet [wf_mtt_012AHN0Z000000000003] and folder [] in parameter file [/data2/home/cldagnt/SystemAgent/apps/Data_Integration_Server/data/012AHN0E00000000005M/012AHN/parameters/s_mtt_012AHN0Z000000000003.param].
DIRECTOR> TM_6014 [2023-09-29 11:32:32.848] Initializing session [s_mtt_012AHN0Z000000000003] at [Fri Sep 29 11:32:32 2023].
DIRECTOR> TM_6683 [2023-09-29 11:32:32.848] Repository Name: [XMLRepository]
DIRECTOR> TM_6684 [2023-09-29 11:32:32.848] Server Name: [rDTM]
DIRECTOR> TM_6686 [2023-09-29 11:32:32.848] Folder: []
DIRECTOR> TM_6685 [2023-09-29 11:32:32.848] Workflow: [wf_mtt_012AHN0Z000000000003] Run Instance Name: [] Run Id: [0]
DIRECTOR> TM_6992 [2023-09-29 11:32:32.848] Operating System Type [Linux]
DIRECTOR> TM_6101 [2023-09-29 11:32:32.848] Mapping name: Mapping0.
DIRECTOR> TM_6964 [2023-09-29 11:32:32.849] Date format for the Session is [MM/DD/YYYY HH24:MI:SS.US]
DIRECTOR> TM_6703 [2023-09-29 11:32:32.849] Session [s_mtt_012AHN0Z000000000003] is run by 64-bit Integration Service  [], version [10.2.0 HotFix2], build [0320].
MANAGER> PETL_24091 [2023-09-29 11:32:32.859] Thread [MANAGER] has the ID [1].
MANAGER> PETL_24058 [2023-09-29 11:32:32.859] Running Partition Group [1].
MANAGER> PETL_24000 [2023-09-29 11:32:32.859] Parallel Pipeline Engine initializing.
MONITOR> PETL_24091 [2023-09-29 11:32:32.860] Thread [MONITOR] has the ID [2].
MANAGER> PETL_24001 [2023-09-29 11:32:32.860] Parallel Pipeline Engine running.
MANAGER> PETL_24003 [2023-09-29 11:32:32.860] Initializing session run.
MAPPING> PETL_24091 [2023-09-29 11:32:32.860] Thread [MAPPING] has the ID [3].
MAPPING> CMN_1569 [2023-09-29 11:32:32.862] Server Mode: [UNICODE]
MAPPING> CMN_1570 [2023-09-29 11:32:32.862] Server Code page: [ISO 8859-1 Western European]
MAPPING> TM_6151 [2023-09-29 11:32:32.862] The session sort order is [Binary].
MAPPING> TM_6185 [2023-09-29 11:32:32.862] Warning. Code page validation is disabled in this session.
MAPPING> CMN_65110 [2023-09-29 11:32:32.862] Current Timezone:[UTC -5:0]
MAPPING> CMN_65111 [2023-09-29 11:32:32.862] Current Process ID:[5269]
MAPPING> TM_6155 [2023-09-29 11:32:32.862] Using HIGH precision processing.
MAPPING> TM_6180 [2023-09-29 11:32:32.862] Deadlock retry logic will not be implemented.
MAPPING> TM_6187 [2023-09-29 11:32:32.862] Session target-based commit interval is [10000].
MAPPING> TM_6307 [2023-09-29 11:32:32.862] DTM error log disabled. 
MAPPING> TE_7022 [2023-09-29 11:32:32.863] TShmWriter: Initialized
MAPPING> DBG_21694 [2023-09-29 11:32:32.864] Max Partition [0]: Index cache size = [1000000], Data cache size = [2000000]
MAPPING> TE_7212 [2023-09-29 11:32:32.865] Increasing [Index Cache] size for transformation [Max] from [1000000] to [3586048].
MAPPING> TE_7212 [2023-09-29 11:32:32.865] Increasing [Data Cache] size for transformation [Max] from [2000000] to [2097368].
MAPPING> TE_7029 [2023-09-29 11:32:32.865] Aggregate Information: Creating New Index and Data Files
MAPPING> TE_7034 [2023-09-29 11:32:32.865] Aggregate Information: Index file is [/data2/home/cldagnt/SystemAgent/apps/Data_Integration_Server/data/012AHN0E00000000005M/012AHN/cache/PMAGG-811015063_5_0.idx]
MAPPING> TE_7035 [2023-09-29 11:32:32.865] Aggregate Information: Data file is [/data2/home/cldagnt/SystemAgent/apps/Data_Integration_Server/data/012AHN0E00000000005M/012AHN/cache/PMAGG-811015063_5_0.dat]
MAPPING> DBG_21694 [2023-09-29 11:32:32.865] Min Partition [0]: Index cache size = [1000000], Data cache size = [2000000]
MAPPING> TE_7212 [2023-09-29 11:32:32.865] Increasing [Index Cache] size for transformation [Min] from [1000000] to [3586048].
MAPPING> TE_7212 [2023-09-29 11:32:32.866] Increasing [Data Cache] size for transformation [Min] from [2000000] to [2097368].
MAPPING> TE_7029 [2023-09-29 11:32:32.866] Aggregate Information: Creating New Index and Data Files
MAPPING> TE_7034 [2023-09-29 11:32:32.866] Aggregate Information: Index file is [/data2/home/cldagnt/SystemAgent/apps/Data_Integration_Server/data/012AHN0E00000000005M/012AHN/cache/PMAGG-811015063_6_0.idx]
MAPPING> TE_7035 [2023-09-29 11:32:32.866] Aggregate Information: Data file is [/data2/home/cldagnt/SystemAgent/apps/Data_Integration_Server/data/012AHN0E00000000005M/012AHN/cache/PMAGG-811015063_6_0.dat]
MAPPING> TM_6007 [2023-09-29 11:32:32.867] DTM initialized successfully for session [s_mtt_012AHN0Z000000000003]
DIRECTOR> PETL_24033 [2023-09-29 11:32:32.881] All DTM Connection Info: [<NONE>].
MANAGER> PETL_24004 [2023-09-29 11:32:32.882] Starting pre-session tasks. : (Fri Sep 29 11:32:32 2023)
PRE-SESS> PETL_24091 [2023-09-29 11:32:32.882] Thread [PRE-SESS] has the ID [4].
MANAGER> PETL_24027 [2023-09-29 11:32:32.883] Pre-session task completed successfully. : (Fri Sep 29 11:32:32 2023)
DIRECTOR> PETL_24006 [2023-09-29 11:32:32.883] Starting data movement.
MAPPING> TM_6660 [2023-09-29 11:32:32.883] Total Buffer Pool size is 4419040 bytes and Block size is 155680 bytes.
READER_1_1_1> PETL_24091 [2023-09-29 11:32:32.884] Thread [READER_1_1_1] has the ID [5].
READER_1_1_1> DBG_21438 [2023-09-29 11:32:32.885] Reader: Source is [odbc://dbtype=MySQL;host=db4free.net;port=3306;database=fstm4db], Type [ODBC], User [fstm4db]
READER_1_1_1> BLKR_16051 [2023-09-29 11:32:32.886] Source database connection [Conn_012AHN0B000000000002] code page: [MS Windows Latin 1 (ANSI), superset of Latin1]
READER_1_1_1> CMN_1021 [2023-09-29 11:32:32.886] Database driver event...
CMN_1021 [Driver Manager used is [UnixODBC 2.3.4].]

READER_1_1_1> CMN_1021 [2023-09-29 11:32:35.776] Database driver event...
CMN_1021 [ODBC Event Using array fetches.
ODBC Event Using Single Row Inserts. connect string = [Driver=MySQL ODBC 8.0 Unicode Driver;Server=db4free.net;Database=fstm4db;Port=3306;USER=fstm4db;NO_SSPS=1;stmt=set time_zone = '+00:00';OPTION=3;SSLMODE=DISABLED]. userid = [fstm4db]
ODBC Version:	03.52
.
DBMS Name:	MySQL
.
DBMS Version:	8.1.0
.
Driver Name:	libmyodbc8w.so
.
Driver Version:	08.00.0012
.
Driver ODBC Version:	03.80
.
MySQL rewrite batch optimization is disabled with maximum bind parameter size set to 2500.]

READER_1_1_1> BLKR_16003 [2023-09-29 11:32:35.776] Initialization completed successfully.
TRANSF_1_1_1> PETL_24091 [2023-09-29 11:32:35.776] Thread [TRANSF_1_1_1] has the ID [6].
WRITER_1_*_1> PETL_24091 [2023-09-29 11:32:35.777] Thread [WRITER_1_*_1] has the ID [7].
WRITER_1_*_1> WRT_8147 [2023-09-29 11:32:35.777] Writer: Target is Database [odbc://dbtype=MySQL;host=db4free.net;port=3306;database=fstm4db], Type [ODBC], User [fstm4db], Bulk Mode [OFF]
WRITER_1_*_1> CMN_1021 [2023-09-29 11:32:35.777] Database driver event...
CMN_1021 [Driver Manager used is [UnixODBC 2.3.4].]

WRITER_1_*_1> CMN_1021 [2023-09-29 11:32:43.409] Database driver event...
CMN_1021 [ODBC Event Using array fetches.
ODBC Event Using Single Row Inserts. connect string = [Driver=MySQL ODBC 8.0 Unicode Driver;Server=db4free.net;Database=fstm4db;Port=3306;USER=fstm4db;NO_SSPS=1;stmt=set time_zone = '+00:00';OPTION=3;SSLMODE=DISABLED]. userid = [fstm4db]
ODBC Version:	03.52
.
DBMS Name:	MySQL
.
DBMS Version:	8.1.0
.
Driver Name:	libmyodbc8w.so
.
Driver Version:	08.00.0012
.
Driver ODBC Version:	03.80
.
MySQL rewrite batch optimization is disabled with maximum bind parameter size set to 2500.]

WRITER_1_*_1> WRT_8221 [2023-09-29 11:32:43.971] Target database connection [Conn_012AHN0B000000000002] code page: [MS Windows Latin 1 (ANSI), superset of Latin1]
WRITER_1_*_1> WRT_8124 [2023-09-29 11:32:43.972] Target Table Max_Car_Prices :SQL INSERT statement:
INSERT INTO fstm4db.Max_Car_Prices(Car_ID,Car_Name,Car_Country,Car_Price)  VALUES ( ?, ?, ?, ?) 
WRITER_1_*_1> WRT_8020 [2023-09-29 11:32:43.972] No column marked as primary key for table [Max_Car_Prices]. UPDATEs Not Supported.
WRITER_1_*_1> WRT_8147 [2023-09-29 11:32:43.973] Writer: Target is Database [odbc://dbtype=MySQL;host=db4free.net;port=3306;database=fstm4db], Type [ODBC], User [fstm4db], Bulk Mode [OFF]
WRITER_1_*_1> WRT_8124 [2023-09-29 11:32:43.973] Target Table Min_Car_Prices :SQL INSERT statement:
INSERT INTO fstm4db.Min_Car_Prices(Car_ID,Car_Name,Car_Country,Car_Price)  VALUES ( ?, ?, ?, ?) 
WRITER_1_*_1> WRT_8020 [2023-09-29 11:32:43.973] No column marked as primary key for table [Min_Car_Prices]. UPDATEs Not Supported.
WRITER_1_*_1> WRT_8270 [2023-09-29 11:32:43.973] Target connection group #1 consists of target(s) [Max_Car_Prices, Min_Car_Prices]
WRITER_1_*_1> WRT_8003 [2023-09-29 11:32:43.973] Writer initialization complete.
WRITER_1_*_1> WRT_8005 [2023-09-29 11:32:43.973] Writer run started.
READER_1_1_1> BLKR_16007 [2023-09-29 11:32:43.973] Reader run started.
WRITER_1_*_1> WRT_8158 [2023-09-29 11:32:43.973] 

*****START LOAD SESSION*****

Load Start Time: Fri Sep 29 11:32:43 2023

Target tables:

     Max_Car_Prices
     Min_Car_Prices


READER_1_1_1> RR_4010 [2023-09-29 11:32:43.973] SQ instance [CarMapping] SQL Query [SELECT fstm4db.Cars.Car_ID, fstm4db.Cars.Car_Name, fstm4db.Cars.Car_Country, fstm4db.Cars.Car_Price FROM fstm4db.Cars]
READER_1_1_1> RR_4049 [2023-09-29 11:32:43.974] SQL Query issued to database : (Fri Sep 29 11:32:43 2023)
READER_1_1_1> RR_4050 [2023-09-29 11:32:44.427] First row returned from database to reader : (Fri Sep 29 11:32:44 2023)
READER_1_1_1> BLKR_16019 [2023-09-29 11:32:44.427] Read [100] rows, read [0] error rows for source table [Cars] instance name [Cars]
READER_1_1_1> BLKR_16008 [2023-09-29 11:32:44.427] Reader run completed.
TRANSF_1_1_1> TE_7032 [2023-09-29 11:32:44.435] The B-Tree being managed in files
/data2/home/cldagnt/SystemAgent/apps/Data_Integration_Server/data/012AHN0E00000000005M/012AHN/cache/PMAGG-811015063_5_0.dat for Data and

/data2/home/cldagnt/SystemAgent/apps/Data_Integration_Server/data/012AHN0E00000000005M/012AHN/cache/PMAGG-811015063_5_0.idx for Index has:
	Index Size:	515
	Row Size:	240
	Order:		100
	Minimum Order:	50
	Height:		1
	Entries:	20
	IndexPageSize:	52736
	IndexPages:	68
	DataPageSize:	728
	DataPages:	2881

WRITER_1_*_1> WRT_8167 [2023-09-29 11:32:44.435] Start loading table [Max_Car_Prices] at: Fri Sep 29 11:32:43 2023
TRANSF_1_1_1> TE_7032 [2023-09-29 11:32:44.435] The B-Tree being managed in files
/data2/home/cldagnt/SystemAgent/apps/Data_Integration_Server/data/012AHN0E00000000005M/012AHN/cache/PMAGG-811015063_6_0.dat for Data and

/data2/home/cldagnt/SystemAgent/apps/Data_Integration_Server/data/012AHN0E00000000005M/012AHN/cache/PMAGG-811015063_6_0.idx for Index has:
	Index Size:	515
	Row Size:	240
	Order:		100
	Minimum Order:	50
	Height:		1
	Entries:	20
	IndexPageSize:	52736
	IndexPages:	68
	DataPageSize:	728
	DataPages:	2881

TRANSF_1_1_1> DBG_21216 [2023-09-29 11:32:44.435] Finished transformations for Source Qualifier [CarMapping]. Total errors [0] 
WRITER_1_*_1> WRT_8167 [2023-09-29 11:32:50.946] Start loading table [Min_Car_Prices] at: Fri Sep 29 11:32:50 2023
WRITER_1_*_1> WRT_8168 [2023-09-29 11:32:57.369] End loading table [Max_Car_Prices] at: Fri Sep 29 11:32:56 2023
WRITER_1_*_1> WRT_8141 [2023-09-29 11:32:57.759] 
Commit on end-of-data  Fri Sep 29 11:32:56 2023
===================================================

WRT_8036 Target: Max_Car_Prices (Instance Name: [Max_Car_Prices])
WRT_8038 Inserted rows - Requested: 20         Applied: 20         Rejected: 0          Affected: 20        

WRT_8036 Target: Min_Car_Prices (Instance Name: [Min_Car_Prices])
WRT_8038 Inserted rows - Requested: 20         Applied: 20         Rejected: 0          Affected: 20        

WRITER_1_*_1> WRT_8168 [2023-09-29 11:32:57.759] End loading table [Min_Car_Prices] at: Fri Sep 29 11:32:56 2023
WRITER_1_*_1> WRT_8035 [2023-09-29 11:32:57.759] Load complete time: Fri Sep 29 11:32:56 2023

LOAD SUMMARY
============

WRT_8036 Target: Max_Car_Prices (Instance Name: [Max_Car_Prices])
WRT_8038 Inserted rows - Requested: 20         Applied: 20         Rejected: 0          Affected: 20        

WRT_8036 Target: Min_Car_Prices (Instance Name: [Min_Car_Prices])
WRT_8038 Inserted rows - Requested: 20         Applied: 20         Rejected: 0          Affected: 20        


WRITER_1_*_1> WRT_8043 [2023-09-29 11:32:57.759] *****END LOAD SESSION*****
WRITER_1_*_1> WRT_8006 [2023-09-29 11:32:58.044] Writer run completed.
MANAGER> PETL_24031 [2023-09-29 11:32:58.044] 
***** RUN INFO FOR TGT LOAD ORDER GROUP [1], CONCURRENT SET [1] *****
Thread [READER_1_1_1] created for [the read stage] of partition point [CarMapping] has completed.
	Total Run Time = [0.735112] secs
	Total Idle Time = [0.000000] secs
	Busy Percentage = [100.000000]
Thread [TRANSF_1_1_1] created for [the transformation stage] of partition point [CarMapping] has completed. The total run time was insufficient for any meaningful statistics.
Thread [WRITER_1_*_1] created for [the write stage] of partition point [Max_Car_Prices, Min_Car_Prices] has completed.
	Total Run Time = [13.608728] secs
	Total Idle Time = [0.000000] secs
	Busy Percentage = [100.000000]

MAPPING> CMN_1791 [2023-09-29 11:32:58.044] The index cache size that would hold [20] aggregate groups of input rows for [Max], in memory, is [52736] bytes
MAPPING> CMN_1790 [2023-09-29 11:32:58.044] The data cache size that would hold [20] aggregate groups of input rows for [Max], in memory, is [5096] bytes
MAPPING> CMN_1791 [2023-09-29 11:32:58.044] The index cache size that would hold [20] aggregate groups of input rows for [Min], in memory, is [52736] bytes
MAPPING> CMN_1790 [2023-09-29 11:32:58.045] The data cache size that would hold [20] aggregate groups of input rows for [Min], in memory, is [5096] bytes
MANAGER> PETL_24005 [2023-09-29 11:32:58.045] Starting post-session tasks. : (Fri Sep 29 11:32:58 2023)
POST-SESS> PETL_24091 [2023-09-29 11:32:58.045] Thread [POST-SESS] has the ID [8].
MANAGER> PETL_24029 [2023-09-29 11:32:58.046] Post-session task completed successfully. : (Fri Sep 29 11:32:58 2023)
MAPPING> TM_6018 [2023-09-29 11:32:58.046] The session completed with [0] row transformation errors. 
MANAGER> TE_7216 [2023-09-29 11:32:58.046] Deleting cache files [/data2/home/cldagnt/SystemAgent/apps/Data_Integration_Server/data/012AHN0E00000000005M/012AHN/cache/PMAGG-811015063_5_0.idx] for transformation [Max].
MANAGER> TE_7216 [2023-09-29 11:32:58.046] Deleting cache files [/data2/home/cldagnt/SystemAgent/apps/Data_Integration_Server/data/012AHN0E00000000005M/012AHN/cache/PMAGG-811015063_5_0.dat] for transformation [Max].
MANAGER> TE_7216 [2023-09-29 11:32:58.046] Deleting cache files [/data2/home/cldagnt/SystemAgent/apps/Data_Integration_Server/data/012AHN0E00000000005M/012AHN/cache/PMAGG-811015063_6_0.idx] for transformation [Min].
MANAGER> TE_7216 [2023-09-29 11:32:58.046] Deleting cache files [/data2/home/cldagnt/SystemAgent/apps/Data_Integration_Server/data/012AHN0E00000000005M/012AHN/cache/PMAGG-811015063_6_0.dat] for transformation [Min].
MANAGER> PETL_24002 [2023-09-29 11:32:58.870] Parallel Pipeline Engine finished.
DIRECTOR> PETL_24012 [2023-09-29 11:32:58.870] Session run completed successfully.
DIRECTOR> TM_6022 [2023-09-29 11:32:58.871] 

SESSION LOAD SUMMARY
================================================

DIRECTOR> TM_6252 [2023-09-29 11:32:58.871] Source Load Summary.
DIRECTOR> CMN_1740 [2023-09-29 11:32:58.871] Table: [CarMapping] (Instance Name: [CarMapping] Instance UI Name: [CarMapping])
	 Output Rows [100], Affected Rows [100], Applied Rows [100], Rejected Rows [0]
DIRECTOR> TM_6253 [2023-09-29 11:32:58.871] Target Load Summary.
DIRECTOR> CMN_1740 [2023-09-29 11:32:58.871] Table: [Max_Car_Prices] (Instance Name: [Max_Car_Prices] Instance UI Name: [Maxcar])
	 Output Rows [20], Affected Rows [20], Applied Rows [20], Rejected Rows [0]
DIRECTOR> CMN_1740 [2023-09-29 11:32:58.871] Table: [Min_Car_Prices] (Instance Name: [Min_Car_Prices] Instance UI Name: [MinCar])
	 Output Rows [20], Affected Rows [20], Applied Rows [20], Rejected Rows [0]
DIRECTOR> TM_6023 [2023-09-29 11:32:58.871] 
===================================================

DIRECTOR> TM_6020 [2023-09-29 11:32:58.871] Session [s_mtt_012AHN0Z000000000003] completed at [Fri Sep 29 11:32:58 2023].
